INFO:__script___:####2024-08-22 18:28:06.329481#####
INFO:__script___:Creating the 0 UE
INFO:__script___:IMSI:208991000001000
INFO:__script___:DB_ENTRY:INSERT INTO `users` VALUES ('208991000001000','1','55000000000000',NULL,'PURGED',50,40000000,100000000,47,0000000000,1,0xfec86ba6eb707ed08905757b1bb44b8f,0,0,0x40,'ebd07771ace8677a',0xc42449363bbad02b66d16bc975d77cc1);
INFO:__script___:DOCKER_ENTRY:    oai-nr-ue0:
        image: oaisoftwarealliance/oai-nr-ue:develop
        privileged: true
        container_name: rfsim5g-oai-nr-ue0
        environment:
            USE_ADDITIONAL_OPTIONS: -E --sa --rfsim -r 106 --numerology 1 --uicc0.imsi 208991000001000 -C 3619200000 --rfsimulator.serveraddr 192.168.71.140 --log_config.global_log_options level,nocolor,time
        depends_on:
            - oai-gnb
        networks:
            public_net:
                ipv4_address: 192.168.71.136
        volumes:
            - ../../conf_files/nrue.uicc.conf:/opt/oai-nr-ue/etc/nr-ue.conf
        healthcheck:
            test: /bin/bash -c "pgrep nr-uesoftmodem"
            interval: 10s
            timeout: 5s
            retries: 5

INFO:__script___:Creating the 1 UE
INFO:__script___:IMSI:208991000001001
INFO:__script___:DB_ENTRY:INSERT INTO `users` VALUES ('208991000001001','1','55000000000000',NULL,'PURGED',50,40000000,100000000,47,0000000000,1,0xfec86ba6eb707ed08905757b1bb44b8f,0,0,0x40,'ebd07771ace8677a',0xc42449363bbad02b66d16bc975d77cc1);
INFO:__script___:DOCKER_ENTRY:    oai-nr-ue1:
        image: oaisoftwarealliance/oai-nr-ue:develop
        privileged: true
        container_name: rfsim5g-oai-nr-ue1
        environment:
            USE_ADDITIONAL_OPTIONS: -E --sa --rfsim -r 106 --numerology 1 --uicc0.imsi 208991000001001 -C 3619200000 --rfsimulator.serveraddr 192.168.71.140 --log_config.global_log_options level,nocolor,time
        depends_on:
            - oai-gnb
        networks:
            public_net:
                ipv4_address: 192.168.71.137
        volumes:
            - ../../conf_files/nrue.uicc.conf:/opt/oai-nr-ue/etc/nr-ue.conf
        healthcheck:
            test: /bin/bash -c "pgrep nr-uesoftmodem"
            interval: 10s
            timeout: 5s
            retries: 5

INFO:__script___:Creating the 2 UE
INFO:__script___:IMSI:208991000001002
INFO:__script___:DB_ENTRY:INSERT INTO `users` VALUES ('208991000001002','1','55000000000000',NULL,'PURGED',50,40000000,100000000,47,0000000000,1,0xfec86ba6eb707ed08905757b1bb44b8f,0,0,0x40,'ebd07771ace8677a',0xc42449363bbad02b66d16bc975d77cc1);
INFO:__script___:DOCKER_ENTRY:    oai-nr-ue2:
        image: oaisoftwarealliance/oai-nr-ue:develop
        privileged: true
        container_name: rfsim5g-oai-nr-ue2
        environment:
            USE_ADDITIONAL_OPTIONS: -E --sa --rfsim -r 106 --numerology 1 --uicc0.imsi 208991000001002 -C 3619200000 --rfsimulator.serveraddr 192.168.71.140 --log_config.global_log_options level,nocolor,time
        depends_on:
            - oai-gnb
        networks:
            public_net:
                ipv4_address: 192.168.71.138
        volumes:
            - ../../conf_files/nrue.uicc.conf:/opt/oai-nr-ue/etc/nr-ue.conf
        healthcheck:
            test: /bin/bash -c "pgrep nr-uesoftmodem"
            interval: 10s
            timeout: 5s
            retries: 5

INFO:__script___:Creating the 3 UE
INFO:__script___:IMSI:208991000001003
INFO:__script___:DB_ENTRY:INSERT INTO `users` VALUES ('208991000001003','1','55000000000000',NULL,'PURGED',50,40000000,100000000,47,0000000000,1,0xfec86ba6eb707ed08905757b1bb44b8f,0,0,0x40,'ebd07771ace8677a',0xc42449363bbad02b66d16bc975d77cc1);
INFO:__script___:DOCKER_ENTRY:    oai-nr-ue3:
        image: oaisoftwarealliance/oai-nr-ue:develop
        privileged: true
        container_name: rfsim5g-oai-nr-ue3
        environment:
            USE_ADDITIONAL_OPTIONS: -E --sa --rfsim -r 106 --numerology 1 --uicc0.imsi 208991000001003 -C 3619200000 --rfsimulator.serveraddr 192.168.71.140 --log_config.global_log_options level,nocolor,time
        depends_on:
            - oai-gnb
        networks:
            public_net:
                ipv4_address: 192.168.71.139
        volumes:
            - ../../conf_files/nrue.uicc.conf:/opt/oai-nr-ue/etc/nr-ue.conf
        healthcheck:
            test: /bin/bash -c "pgrep nr-uesoftmodem"
            interval: 10s
            timeout: 5s
            retries: 5

INFO:__script___:Creating the 4 UE
INFO:__script___:IMSI:208991000001004
INFO:__script___:DB_ENTRY:INSERT INTO `users` VALUES ('208991000001004','1','55000000000000',NULL,'PURGED',50,40000000,100000000,47,0000000000,1,0xfec86ba6eb707ed08905757b1bb44b8f,0,0,0x40,'ebd07771ace8677a',0xc42449363bbad02b66d16bc975d77cc1);
INFO:__script___:DOCKER_ENTRY:    oai-nr-ue4:
        image: oaisoftwarealliance/oai-nr-ue:develop
        privileged: true
        container_name: rfsim5g-oai-nr-ue4
        environment:
            USE_ADDITIONAL_OPTIONS: -E --sa --rfsim -r 106 --numerology 1 --uicc0.imsi 208991000001004 -C 3619200000 --rfsimulator.serveraddr 192.168.71.140 --log_config.global_log_options level,nocolor,time
        depends_on:
            - oai-gnb
        networks:
            public_net:
                ipv4_address: 192.168.71.145
        volumes:
            - ../../conf_files/nrue.uicc.conf:/opt/oai-nr-ue/etc/nr-ue.conf
        healthcheck:
            test: /bin/bash -c "pgrep nr-uesoftmodem"
            interval: 10s
            timeout: 5s
            retries: 5

INFO:__script___:Creating the 5 UE
INFO:__script___:IMSI:208991000001005
INFO:__script___:DB_ENTRY:INSERT INTO `users` VALUES ('208991000001005','1','55000000000000',NULL,'PURGED',50,40000000,100000000,47,0000000000,1,0xfec86ba6eb707ed08905757b1bb44b8f,0,0,0x40,'ebd07771ace8677a',0xc42449363bbad02b66d16bc975d77cc1);
INFO:__script___:DOCKER_ENTRY:    oai-nr-ue5:
        image: oaisoftwarealliance/oai-nr-ue:develop
        privileged: true
        container_name: rfsim5g-oai-nr-ue5
        environment:
            USE_ADDITIONAL_OPTIONS: -E --sa --rfsim -r 106 --numerology 1 --uicc0.imsi 208991000001005 -C 3619200000 --rfsimulator.serveraddr 192.168.71.140 --log_config.global_log_options level,nocolor,time
        depends_on:
            - oai-gnb
        networks:
            public_net:
                ipv4_address: 192.168.71.146
        volumes:
            - ../../conf_files/nrue.uicc.conf:/opt/oai-nr-ue/etc/nr-ue.conf
        healthcheck:
            test: /bin/bash -c "pgrep nr-uesoftmodem"
            interval: 10s
            timeout: 5s
            retries: 5

INFO:__script___:Creating the 6 UE
INFO:__script___:IMSI:208991000001006
INFO:__script___:DB_ENTRY:INSERT INTO `users` VALUES ('208991000001006','1','55000000000000',NULL,'PURGED',50,40000000,100000000,47,0000000000,1,0xfec86ba6eb707ed08905757b1bb44b8f,0,0,0x40,'ebd07771ace8677a',0xc42449363bbad02b66d16bc975d77cc1);
INFO:__script___:DOCKER_ENTRY:    oai-nr-ue6:
        image: oaisoftwarealliance/oai-nr-ue:develop
        privileged: true
        container_name: rfsim5g-oai-nr-ue6
        environment:
            USE_ADDITIONAL_OPTIONS: -E --sa --rfsim -r 106 --numerology 1 --uicc0.imsi 208991000001006 -C 3619200000 --rfsimulator.serveraddr 192.168.71.140 --log_config.global_log_options level,nocolor,time
        depends_on:
            - oai-gnb
        networks:
            public_net:
                ipv4_address: 192.168.71.147
        volumes:
            - ../../conf_files/nrue.uicc.conf:/opt/oai-nr-ue/etc/nr-ue.conf
        healthcheck:
            test: /bin/bash -c "pgrep nr-uesoftmodem"
            interval: 10s
            timeout: 5s
            retries: 5

INFO:__script___:Creating the 7 UE
INFO:__script___:IMSI:208991000001007
INFO:__script___:DB_ENTRY:INSERT INTO `users` VALUES ('208991000001007','1','55000000000000',NULL,'PURGED',50,40000000,100000000,47,0000000000,1,0xfec86ba6eb707ed08905757b1bb44b8f,0,0,0x40,'ebd07771ace8677a',0xc42449363bbad02b66d16bc975d77cc1);
INFO:__script___:DOCKER_ENTRY:    oai-nr-ue7:
        image: oaisoftwarealliance/oai-nr-ue:develop
        privileged: true
        container_name: rfsim5g-oai-nr-ue7
        environment:
            USE_ADDITIONAL_OPTIONS: -E --sa --rfsim -r 106 --numerology 1 --uicc0.imsi 208991000001007 -C 3619200000 --rfsimulator.serveraddr 192.168.71.140 --log_config.global_log_options level,nocolor,time
        depends_on:
            - oai-gnb
        networks:
            public_net:
                ipv4_address: 192.168.71.148
        volumes:
            - ../../conf_files/nrue.uicc.conf:/opt/oai-nr-ue/etc/nr-ue.conf
        healthcheck:
            test: /bin/bash -c "pgrep nr-uesoftmodem"
            interval: 10s
            timeout: 5s
            retries: 5

INFO:__script___:Creating the 8 UE
INFO:__script___:IMSI:208991000001008
INFO:__script___:DB_ENTRY:INSERT INTO `users` VALUES ('208991000001008','1','55000000000000',NULL,'PURGED',50,40000000,100000000,47,0000000000,1,0xfec86ba6eb707ed08905757b1bb44b8f,0,0,0x40,'ebd07771ace8677a',0xc42449363bbad02b66d16bc975d77cc1);
INFO:__script___:DOCKER_ENTRY:    oai-nr-ue8:
        image: oaisoftwarealliance/oai-nr-ue:develop
        privileged: true
        container_name: rfsim5g-oai-nr-ue8
        environment:
            USE_ADDITIONAL_OPTIONS: -E --sa --rfsim -r 106 --numerology 1 --uicc0.imsi 208991000001008 -C 3619200000 --rfsimulator.serveraddr 192.168.71.140 --log_config.global_log_options level,nocolor,time
        depends_on:
            - oai-gnb
        networks:
            public_net:
                ipv4_address: 192.168.71.149
        volumes:
            - ../../conf_files/nrue.uicc.conf:/opt/oai-nr-ue/etc/nr-ue.conf
        healthcheck:
            test: /bin/bash -c "pgrep nr-uesoftmodem"
            interval: 10s
            timeout: 5s
            retries: 5

INFO:__script___:Creating the 9 UE
INFO:__script___:IMSI:208991000001009
INFO:__script___:DB_ENTRY:INSERT INTO `users` VALUES ('208991000001009','1','55000000000000',NULL,'PURGED',50,40000000,100000000,47,0000000000,1,0xfec86ba6eb707ed08905757b1bb44b8f,0,0,0x40,'ebd07771ace8677a',0xc42449363bbad02b66d16bc975d77cc1);
INFO:__script___:DOCKER_ENTRY:    oai-nr-ue9:
        image: oaisoftwarealliance/oai-nr-ue:develop
        privileged: true
        container_name: rfsim5g-oai-nr-ue9
        environment:
            USE_ADDITIONAL_OPTIONS: -E --sa --rfsim -r 106 --numerology 1 --uicc0.imsi 208991000001009 -C 3619200000 --rfsimulator.serveraddr 192.168.71.140 --log_config.global_log_options level,nocolor,time
        depends_on:
            - oai-gnb
        networks:
            public_net:
                ipv4_address: 192.168.71.150
        volumes:
            - ../../conf_files/nrue.uicc.conf:/opt/oai-nr-ue/etc/nr-ue.conf
        healthcheck:
            test: /bin/bash -c "pgrep nr-uesoftmodem"
            interval: 10s
            timeout: 5s
            retries: 5

INFO:__script___:Creating the 10 UE
INFO:__script___:IMSI:208991000001010
INFO:__script___:DB_ENTRY:INSERT INTO `users` VALUES ('208991000001010','1','55000000000000',NULL,'PURGED',50,40000000,100000000,47,0000000000,1,0xfec86ba6eb707ed08905757b1bb44b8f,0,0,0x40,'ebd07771ace8677a',0xc42449363bbad02b66d16bc975d77cc1);
INFO:__script___:DOCKER_ENTRY:    oai-nr-ue10:
        image: oaisoftwarealliance/oai-nr-ue:develop
        privileged: true
        container_name: rfsim5g-oai-nr-ue10
        environment:
            USE_ADDITIONAL_OPTIONS: -E --sa --rfsim -r 106 --numerology 1 --uicc0.imsi 208991000001010 -C 3619200000 --rfsimulator.serveraddr 192.168.71.140 --log_config.global_log_options level,nocolor,time
        depends_on:
            - oai-gnb
        networks:
            public_net:
                ipv4_address: 192.168.71.151
        volumes:
            - ../../conf_files/nrue.uicc.conf:/opt/oai-nr-ue/etc/nr-ue.conf
        healthcheck:
            test: /bin/bash -c "pgrep nr-uesoftmodem"
            interval: 10s
            timeout: 5s
            retries: 5

INFO:__script___:Creating the 11 UE
INFO:__script___:IMSI:208991000001011
INFO:__script___:DB_ENTRY:INSERT INTO `users` VALUES ('208991000001011','1','55000000000000',NULL,'PURGED',50,40000000,100000000,47,0000000000,1,0xfec86ba6eb707ed08905757b1bb44b8f,0,0,0x40,'ebd07771ace8677a',0xc42449363bbad02b66d16bc975d77cc1);
INFO:__script___:DOCKER_ENTRY:    oai-nr-ue11:
        image: oaisoftwarealliance/oai-nr-ue:develop
        privileged: true
        container_name: rfsim5g-oai-nr-ue11
        environment:
            USE_ADDITIONAL_OPTIONS: -E --sa --rfsim -r 106 --numerology 1 --uicc0.imsi 208991000001011 -C 3619200000 --rfsimulator.serveraddr 192.168.71.140 --log_config.global_log_options level,nocolor,time
        depends_on:
            - oai-gnb
        networks:
            public_net:
                ipv4_address: 192.168.71.152
        volumes:
            - ../../conf_files/nrue.uicc.conf:/opt/oai-nr-ue/etc/nr-ue.conf
        healthcheck:
            test: /bin/bash -c "pgrep nr-uesoftmodem"
            interval: 10s
            timeout: 5s
            retries: 5

INFO:__script___:Creating the 12 UE
INFO:__script___:IMSI:208991000001012
INFO:__script___:DB_ENTRY:INSERT INTO `users` VALUES ('208991000001012','1','55000000000000',NULL,'PURGED',50,40000000,100000000,47,0000000000,1,0xfec86ba6eb707ed08905757b1bb44b8f,0,0,0x40,'ebd07771ace8677a',0xc42449363bbad02b66d16bc975d77cc1);
INFO:__script___:DOCKER_ENTRY:    oai-nr-ue12:
        image: oaisoftwarealliance/oai-nr-ue:develop
        privileged: true
        container_name: rfsim5g-oai-nr-ue12
        environment:
            USE_ADDITIONAL_OPTIONS: -E --sa --rfsim -r 106 --numerology 1 --uicc0.imsi 208991000001012 -C 3619200000 --rfsimulator.serveraddr 192.168.71.140 --log_config.global_log_options level,nocolor,time
        depends_on:
            - oai-gnb
        networks:
            public_net:
                ipv4_address: 192.168.71.153
        volumes:
            - ../../conf_files/nrue.uicc.conf:/opt/oai-nr-ue/etc/nr-ue.conf
        healthcheck:
            test: /bin/bash -c "pgrep nr-uesoftmodem"
            interval: 10s
            timeout: 5s
            retries: 5

INFO:__script___:Creating the 13 UE
INFO:__script___:IMSI:208991000001013
INFO:__script___:DB_ENTRY:INSERT INTO `users` VALUES ('208991000001013','1','55000000000000',NULL,'PURGED',50,40000000,100000000,47,0000000000,1,0xfec86ba6eb707ed08905757b1bb44b8f,0,0,0x40,'ebd07771ace8677a',0xc42449363bbad02b66d16bc975d77cc1);
INFO:__script___:DOCKER_ENTRY:    oai-nr-ue13:
        image: oaisoftwarealliance/oai-nr-ue:develop
        privileged: true
        container_name: rfsim5g-oai-nr-ue13
        environment:
            USE_ADDITIONAL_OPTIONS: -E --sa --rfsim -r 106 --numerology 1 --uicc0.imsi 208991000001013 -C 3619200000 --rfsimulator.serveraddr 192.168.71.140 --log_config.global_log_options level,nocolor,time
        depends_on:
            - oai-gnb
        networks:
            public_net:
                ipv4_address: 192.168.71.154
        volumes:
            - ../../conf_files/nrue.uicc.conf:/opt/oai-nr-ue/etc/nr-ue.conf
        healthcheck:
            test: /bin/bash -c "pgrep nr-uesoftmodem"
            interval: 10s
            timeout: 5s
            retries: 5

INFO:__script___:Creating the 14 UE
INFO:__script___:IMSI:208991000001014
INFO:__script___:DB_ENTRY:INSERT INTO `users` VALUES ('208991000001014','1','55000000000000',NULL,'PURGED',50,40000000,100000000,47,0000000000,1,0xfec86ba6eb707ed08905757b1bb44b8f,0,0,0x40,'ebd07771ace8677a',0xc42449363bbad02b66d16bc975d77cc1);
INFO:__script___:DOCKER_ENTRY:    oai-nr-ue14:
        image: oaisoftwarealliance/oai-nr-ue:develop
        privileged: true
        container_name: rfsim5g-oai-nr-ue14
        environment:
            USE_ADDITIONAL_OPTIONS: -E --sa --rfsim -r 106 --numerology 1 --uicc0.imsi 208991000001014 -C 3619200000 --rfsimulator.serveraddr 192.168.71.140 --log_config.global_log_options level,nocolor,time
        depends_on:
            - oai-gnb
        networks:
            public_net:
                ipv4_address: 192.168.71.155
        volumes:
            - ../../conf_files/nrue.uicc.conf:/opt/oai-nr-ue/etc/nr-ue.conf
        healthcheck:
            test: /bin/bash -c "pgrep nr-uesoftmodem"
            interval: 10s
            timeout: 5s
            retries: 5

INFO:__script___:Creating the 15 UE
INFO:__script___:IMSI:208991000001015
INFO:__script___:DB_ENTRY:INSERT INTO `users` VALUES ('208991000001015','1','55000000000000',NULL,'PURGED',50,40000000,100000000,47,0000000000,1,0xfec86ba6eb707ed08905757b1bb44b8f,0,0,0x40,'ebd07771ace8677a',0xc42449363bbad02b66d16bc975d77cc1);
INFO:__script___:DOCKER_ENTRY:    oai-nr-ue15:
        image: oaisoftwarealliance/oai-nr-ue:develop
        privileged: true
        container_name: rfsim5g-oai-nr-ue15
        environment:
            USE_ADDITIONAL_OPTIONS: -E --sa --rfsim -r 106 --numerology 1 --uicc0.imsi 208991000001015 -C 3619200000 --rfsimulator.serveraddr 192.168.71.140 --log_config.global_log_options level,nocolor,time
        depends_on:
            - oai-gnb
        networks:
            public_net:
                ipv4_address: 192.168.71.156
        volumes:
            - ../../conf_files/nrue.uicc.conf:/opt/oai-nr-ue/etc/nr-ue.conf
        healthcheck:
            test: /bin/bash -c "pgrep nr-uesoftmodem"
            interval: 10s
            timeout: 5s
            retries: 5

INFO:__script___:Creating the 16 UE
INFO:__script___:IMSI:208991000001016
INFO:__script___:DB_ENTRY:INSERT INTO `users` VALUES ('208991000001016','1','55000000000000',NULL,'PURGED',50,40000000,100000000,47,0000000000,1,0xfec86ba6eb707ed08905757b1bb44b8f,0,0,0x40,'ebd07771ace8677a',0xc42449363bbad02b66d16bc975d77cc1);
INFO:__script___:DOCKER_ENTRY:    oai-nr-ue16:
        image: oaisoftwarealliance/oai-nr-ue:develop
        privileged: true
        container_name: rfsim5g-oai-nr-ue16
        environment:
            USE_ADDITIONAL_OPTIONS: -E --sa --rfsim -r 106 --numerology 1 --uicc0.imsi 208991000001016 -C 3619200000 --rfsimulator.serveraddr 192.168.71.140 --log_config.global_log_options level,nocolor,time
        depends_on:
            - oai-gnb
        networks:
            public_net:
                ipv4_address: 192.168.71.157
        volumes:
            - ../../conf_files/nrue.uicc.conf:/opt/oai-nr-ue/etc/nr-ue.conf
        healthcheck:
            test: /bin/bash -c "pgrep nr-uesoftmodem"
            interval: 10s
            timeout: 5s
            retries: 5

INFO:__script___:Creating the 17 UE
INFO:__script___:IMSI:208991000001017
INFO:__script___:DB_ENTRY:INSERT INTO `users` VALUES ('208991000001017','1','55000000000000',NULL,'PURGED',50,40000000,100000000,47,0000000000,1,0xfec86ba6eb707ed08905757b1bb44b8f,0,0,0x40,'ebd07771ace8677a',0xc42449363bbad02b66d16bc975d77cc1);
INFO:__script___:DOCKER_ENTRY:    oai-nr-ue17:
        image: oaisoftwarealliance/oai-nr-ue:develop
        privileged: true
        container_name: rfsim5g-oai-nr-ue17
        environment:
            USE_ADDITIONAL_OPTIONS: -E --sa --rfsim -r 106 --numerology 1 --uicc0.imsi 208991000001017 -C 3619200000 --rfsimulator.serveraddr 192.168.71.140 --log_config.global_log_options level,nocolor,time
        depends_on:
            - oai-gnb
        networks:
            public_net:
                ipv4_address: 192.168.71.158
        volumes:
            - ../../conf_files/nrue.uicc.conf:/opt/oai-nr-ue/etc/nr-ue.conf
        healthcheck:
            test: /bin/bash -c "pgrep nr-uesoftmodem"
            interval: 10s
            timeout: 5s
            retries: 5

INFO:__script___:Creating the 18 UE
INFO:__script___:IMSI:208991000001018
INFO:__script___:DB_ENTRY:INSERT INTO `users` VALUES ('208991000001018','1','55000000000000',NULL,'PURGED',50,40000000,100000000,47,0000000000,1,0xfec86ba6eb707ed08905757b1bb44b8f,0,0,0x40,'ebd07771ace8677a',0xc42449363bbad02b66d16bc975d77cc1);
INFO:__script___:DOCKER_ENTRY:    oai-nr-ue18:
        image: oaisoftwarealliance/oai-nr-ue:develop
        privileged: true
        container_name: rfsim5g-oai-nr-ue18
        environment:
            USE_ADDITIONAL_OPTIONS: -E --sa --rfsim -r 106 --numerology 1 --uicc0.imsi 208991000001018 -C 3619200000 --rfsimulator.serveraddr 192.168.71.140 --log_config.global_log_options level,nocolor,time
        depends_on:
            - oai-gnb
        networks:
            public_net:
                ipv4_address: 192.168.71.159
        volumes:
            - ../../conf_files/nrue.uicc.conf:/opt/oai-nr-ue/etc/nr-ue.conf
        healthcheck:
            test: /bin/bash -c "pgrep nr-uesoftmodem"
            interval: 10s
            timeout: 5s
            retries: 5

INFO:__script___:Creating the 19 UE
INFO:__script___:IMSI:208991000001019
INFO:__script___:DB_ENTRY:INSERT INTO `users` VALUES ('208991000001019','1','55000000000000',NULL,'PURGED',50,40000000,100000000,47,0000000000,1,0xfec86ba6eb707ed08905757b1bb44b8f,0,0,0x40,'ebd07771ace8677a',0xc42449363bbad02b66d16bc975d77cc1);
INFO:__script___:DOCKER_ENTRY:    oai-nr-ue19:
        image: oaisoftwarealliance/oai-nr-ue:develop
        privileged: true
        container_name: rfsim5g-oai-nr-ue19
        environment:
            USE_ADDITIONAL_OPTIONS: -E --sa --rfsim -r 106 --numerology 1 --uicc0.imsi 208991000001019 -C 3619200000 --rfsimulator.serveraddr 192.168.71.140 --log_config.global_log_options level,nocolor,time
        depends_on:
            - oai-gnb
        networks:
            public_net:
                ipv4_address: 192.168.71.160
        volumes:
            - ../../conf_files/nrue.uicc.conf:/opt/oai-nr-ue/etc/nr-ue.conf
        healthcheck:
            test: /bin/bash -c "pgrep nr-uesoftmodem"
            interval: 10s
            timeout: 5s
            retries: 5

INFO:__script___:Creating the 20 UE
INFO:__script___:IMSI:208991000001020
INFO:__script___:DB_ENTRY:INSERT INTO `users` VALUES ('208991000001020','1','55000000000000',NULL,'PURGED',50,40000000,100000000,47,0000000000,1,0xfec86ba6eb707ed08905757b1bb44b8f,0,0,0x40,'ebd07771ace8677a',0xc42449363bbad02b66d16bc975d77cc1);
INFO:__script___:DOCKER_ENTRY:    oai-nr-ue20:
        image: oaisoftwarealliance/oai-nr-ue:develop
        privileged: true
        container_name: rfsim5g-oai-nr-ue20
        environment:
            USE_ADDITIONAL_OPTIONS: -E --sa --rfsim -r 106 --numerology 1 --uicc0.imsi 208991000001020 -C 3619200000 --rfsimulator.serveraddr 192.168.71.140 --log_config.global_log_options level,nocolor,time
        depends_on:
            - oai-gnb
        networks:
            public_net:
                ipv4_address: 192.168.71.161
        volumes:
            - ../../conf_files/nrue.uicc.conf:/opt/oai-nr-ue/etc/nr-ue.conf
        healthcheck:
            test: /bin/bash -c "pgrep nr-uesoftmodem"
            interval: 10s
            timeout: 5s
            retries: 5

INFO:__script___:Creating the 21 UE
INFO:__script___:IMSI:208991000001021
INFO:__script___:DB_ENTRY:INSERT INTO `users` VALUES ('208991000001021','1','55000000000000',NULL,'PURGED',50,40000000,100000000,47,0000000000,1,0xfec86ba6eb707ed08905757b1bb44b8f,0,0,0x40,'ebd07771ace8677a',0xc42449363bbad02b66d16bc975d77cc1);
INFO:__script___:DOCKER_ENTRY:    oai-nr-ue21:
        image: oaisoftwarealliance/oai-nr-ue:develop
        privileged: true
        container_name: rfsim5g-oai-nr-ue21
        environment:
            USE_ADDITIONAL_OPTIONS: -E --sa --rfsim -r 106 --numerology 1 --uicc0.imsi 208991000001021 -C 3619200000 --rfsimulator.serveraddr 192.168.71.140 --log_config.global_log_options level,nocolor,time
        depends_on:
            - oai-gnb
        networks:
            public_net:
                ipv4_address: 192.168.71.162
        volumes:
            - ../../conf_files/nrue.uicc.conf:/opt/oai-nr-ue/etc/nr-ue.conf
        healthcheck:
            test: /bin/bash -c "pgrep nr-uesoftmodem"
            interval: 10s
            timeout: 5s
            retries: 5

INFO:__script___:Creating the 22 UE
INFO:__script___:IMSI:208991000001022
INFO:__script___:DB_ENTRY:INSERT INTO `users` VALUES ('208991000001022','1','55000000000000',NULL,'PURGED',50,40000000,100000000,47,0000000000,1,0xfec86ba6eb707ed08905757b1bb44b8f,0,0,0x40,'ebd07771ace8677a',0xc42449363bbad02b66d16bc975d77cc1);
INFO:__script___:DOCKER_ENTRY:    oai-nr-ue22:
        image: oaisoftwarealliance/oai-nr-ue:develop
        privileged: true
        container_name: rfsim5g-oai-nr-ue22
        environment:
            USE_ADDITIONAL_OPTIONS: -E --sa --rfsim -r 106 --numerology 1 --uicc0.imsi 208991000001022 -C 3619200000 --rfsimulator.serveraddr 192.168.71.140 --log_config.global_log_options level,nocolor,time
        depends_on:
            - oai-gnb
        networks:
            public_net:
                ipv4_address: 192.168.71.163
        volumes:
            - ../../conf_files/nrue.uicc.conf:/opt/oai-nr-ue/etc/nr-ue.conf
        healthcheck:
            test: /bin/bash -c "pgrep nr-uesoftmodem"
            interval: 10s
            timeout: 5s
            retries: 5

INFO:__script___:Creating the 23 UE
INFO:__script___:IMSI:208991000001023
INFO:__script___:DB_ENTRY:INSERT INTO `users` VALUES ('208991000001023','1','55000000000000',NULL,'PURGED',50,40000000,100000000,47,0000000000,1,0xfec86ba6eb707ed08905757b1bb44b8f,0,0,0x40,'ebd07771ace8677a',0xc42449363bbad02b66d16bc975d77cc1);
INFO:__script___:DOCKER_ENTRY:    oai-nr-ue23:
        image: oaisoftwarealliance/oai-nr-ue:develop
        privileged: true
        container_name: rfsim5g-oai-nr-ue23
        environment:
            USE_ADDITIONAL_OPTIONS: -E --sa --rfsim -r 106 --numerology 1 --uicc0.imsi 208991000001023 -C 3619200000 --rfsimulator.serveraddr 192.168.71.140 --log_config.global_log_options level,nocolor,time
        depends_on:
            - oai-gnb
        networks:
            public_net:
                ipv4_address: 192.168.71.164
        volumes:
            - ../../conf_files/nrue.uicc.conf:/opt/oai-nr-ue/etc/nr-ue.conf
        healthcheck:
            test: /bin/bash -c "pgrep nr-uesoftmodem"
            interval: 10s
            timeout: 5s
            retries: 5

INFO:__script___:Creating the 24 UE
INFO:__script___:IMSI:208991000001024
INFO:__script___:DB_ENTRY:INSERT INTO `users` VALUES ('208991000001024','1','55000000000000',NULL,'PURGED',50,40000000,100000000,47,0000000000,1,0xfec86ba6eb707ed08905757b1bb44b8f,0,0,0x40,'ebd07771ace8677a',0xc42449363bbad02b66d16bc975d77cc1);
INFO:__script___:DOCKER_ENTRY:    oai-nr-ue24:
        image: oaisoftwarealliance/oai-nr-ue:develop
        privileged: true
        container_name: rfsim5g-oai-nr-ue24
        environment:
            USE_ADDITIONAL_OPTIONS: -E --sa --rfsim -r 106 --numerology 1 --uicc0.imsi 208991000001024 -C 3619200000 --rfsimulator.serveraddr 192.168.71.140 --log_config.global_log_options level,nocolor,time
        depends_on:
            - oai-gnb
        networks:
            public_net:
                ipv4_address: 192.168.71.165
        volumes:
            - ../../conf_files/nrue.uicc.conf:/opt/oai-nr-ue/etc/nr-ue.conf
        healthcheck:
            test: /bin/bash -c "pgrep nr-uesoftmodem"
            interval: 10s
            timeout: 5s
            retries: 5

INFO:__script___:Creating the 25 UE
INFO:__script___:IMSI:208991000001025
INFO:__script___:DB_ENTRY:INSERT INTO `users` VALUES ('208991000001025','1','55000000000000',NULL,'PURGED',50,40000000,100000000,47,0000000000,1,0xfec86ba6eb707ed08905757b1bb44b8f,0,0,0x40,'ebd07771ace8677a',0xc42449363bbad02b66d16bc975d77cc1);
INFO:__script___:DOCKER_ENTRY:    oai-nr-ue25:
        image: oaisoftwarealliance/oai-nr-ue:develop
        privileged: true
        container_name: rfsim5g-oai-nr-ue25
        environment:
            USE_ADDITIONAL_OPTIONS: -E --sa --rfsim -r 106 --numerology 1 --uicc0.imsi 208991000001025 -C 3619200000 --rfsimulator.serveraddr 192.168.71.140 --log_config.global_log_options level,nocolor,time
        depends_on:
            - oai-gnb
        networks:
            public_net:
                ipv4_address: 192.168.71.166
        volumes:
            - ../../conf_files/nrue.uicc.conf:/opt/oai-nr-ue/etc/nr-ue.conf
        healthcheck:
            test: /bin/bash -c "pgrep nr-uesoftmodem"
            interval: 10s
            timeout: 5s
            retries: 5

INFO:__script___:Creating the 26 UE
INFO:__script___:IMSI:208991000001026
INFO:__script___:DB_ENTRY:INSERT INTO `users` VALUES ('208991000001026','1','55000000000000',NULL,'PURGED',50,40000000,100000000,47,0000000000,1,0xfec86ba6eb707ed08905757b1bb44b8f,0,0,0x40,'ebd07771ace8677a',0xc42449363bbad02b66d16bc975d77cc1);
INFO:__script___:DOCKER_ENTRY:    oai-nr-ue26:
        image: oaisoftwarealliance/oai-nr-ue:develop
        privileged: true
        container_name: rfsim5g-oai-nr-ue26
        environment:
            USE_ADDITIONAL_OPTIONS: -E --sa --rfsim -r 106 --numerology 1 --uicc0.imsi 208991000001026 -C 3619200000 --rfsimulator.serveraddr 192.168.71.140 --log_config.global_log_options level,nocolor,time
        depends_on:
            - oai-gnb
        networks:
            public_net:
                ipv4_address: 192.168.71.167
        volumes:
            - ../../conf_files/nrue.uicc.conf:/opt/oai-nr-ue/etc/nr-ue.conf
        healthcheck:
            test: /bin/bash -c "pgrep nr-uesoftmodem"
            interval: 10s
            timeout: 5s
            retries: 5

INFO:__script___:Creating the 27 UE
INFO:__script___:IMSI:208991000001027
INFO:__script___:DB_ENTRY:INSERT INTO `users` VALUES ('208991000001027','1','55000000000000',NULL,'PURGED',50,40000000,100000000,47,0000000000,1,0xfec86ba6eb707ed08905757b1bb44b8f,0,0,0x40,'ebd07771ace8677a',0xc42449363bbad02b66d16bc975d77cc1);
INFO:__script___:DOCKER_ENTRY:    oai-nr-ue27:
        image: oaisoftwarealliance/oai-nr-ue:develop
        privileged: true
        container_name: rfsim5g-oai-nr-ue27
        environment:
            USE_ADDITIONAL_OPTIONS: -E --sa --rfsim -r 106 --numerology 1 --uicc0.imsi 208991000001027 -C 3619200000 --rfsimulator.serveraddr 192.168.71.140 --log_config.global_log_options level,nocolor,time
        depends_on:
            - oai-gnb
        networks:
            public_net:
                ipv4_address: 192.168.71.168
        volumes:
            - ../../conf_files/nrue.uicc.conf:/opt/oai-nr-ue/etc/nr-ue.conf
        healthcheck:
            test: /bin/bash -c "pgrep nr-uesoftmodem"
            interval: 10s
            timeout: 5s
            retries: 5

INFO:__script___:Creating the 28 UE
INFO:__script___:IMSI:208991000001028
INFO:__script___:DB_ENTRY:INSERT INTO `users` VALUES ('208991000001028','1','55000000000000',NULL,'PURGED',50,40000000,100000000,47,0000000000,1,0xfec86ba6eb707ed08905757b1bb44b8f,0,0,0x40,'ebd07771ace8677a',0xc42449363bbad02b66d16bc975d77cc1);
INFO:__script___:DOCKER_ENTRY:    oai-nr-ue28:
        image: oaisoftwarealliance/oai-nr-ue:develop
        privileged: true
        container_name: rfsim5g-oai-nr-ue28
        environment:
            USE_ADDITIONAL_OPTIONS: -E --sa --rfsim -r 106 --numerology 1 --uicc0.imsi 208991000001028 -C 3619200000 --rfsimulator.serveraddr 192.168.71.140 --log_config.global_log_options level,nocolor,time
        depends_on:
            - oai-gnb
        networks:
            public_net:
                ipv4_address: 192.168.71.169
        volumes:
            - ../../conf_files/nrue.uicc.conf:/opt/oai-nr-ue/etc/nr-ue.conf
        healthcheck:
            test: /bin/bash -c "pgrep nr-uesoftmodem"
            interval: 10s
            timeout: 5s
            retries: 5

INFO:__script___:Creating the 29 UE
INFO:__script___:IMSI:208991000001029
INFO:__script___:DB_ENTRY:INSERT INTO `users` VALUES ('208991000001029','1','55000000000000',NULL,'PURGED',50,40000000,100000000,47,0000000000,1,0xfec86ba6eb707ed08905757b1bb44b8f,0,0,0x40,'ebd07771ace8677a',0xc42449363bbad02b66d16bc975d77cc1);
INFO:__script___:DOCKER_ENTRY:    oai-nr-ue29:
        image: oaisoftwarealliance/oai-nr-ue:develop
        privileged: true
        container_name: rfsim5g-oai-nr-ue29
        environment:
            USE_ADDITIONAL_OPTIONS: -E --sa --rfsim -r 106 --numerology 1 --uicc0.imsi 208991000001029 -C 3619200000 --rfsimulator.serveraddr 192.168.71.140 --log_config.global_log_options level,nocolor,time
        depends_on:
            - oai-gnb
        networks:
            public_net:
                ipv4_address: 192.168.71.170
        volumes:
            - ../../conf_files/nrue.uicc.conf:/opt/oai-nr-ue/etc/nr-ue.conf
        healthcheck:
            test: /bin/bash -c "pgrep nr-uesoftmodem"
            interval: 10s
            timeout: 5s
            retries: 5

INFO:__script___:Creating the 30 UE
INFO:__script___:IMSI:208991000001030
INFO:__script___:DB_ENTRY:INSERT INTO `users` VALUES ('208991000001030','1','55000000000000',NULL,'PURGED',50,40000000,100000000,47,0000000000,1,0xfec86ba6eb707ed08905757b1bb44b8f,0,0,0x40,'ebd07771ace8677a',0xc42449363bbad02b66d16bc975d77cc1);
INFO:__script___:DOCKER_ENTRY:    oai-nr-ue30:
        image: oaisoftwarealliance/oai-nr-ue:develop
        privileged: true
        container_name: rfsim5g-oai-nr-ue30
        environment:
            USE_ADDITIONAL_OPTIONS: -E --sa --rfsim -r 106 --numerology 1 --uicc0.imsi 208991000001030 -C 3619200000 --rfsimulator.serveraddr 192.168.71.140 --log_config.global_log_options level,nocolor,time
        depends_on:
            - oai-gnb
        networks:
            public_net:
                ipv4_address: 192.168.71.171
        volumes:
            - ../../conf_files/nrue.uicc.conf:/opt/oai-nr-ue/etc/nr-ue.conf
        healthcheck:
            test: /bin/bash -c "pgrep nr-uesoftmodem"
            interval: 10s
            timeout: 5s
            retries: 5

INFO:__script___:Creating the 31 UE
INFO:__script___:IMSI:208991000001031
INFO:__script___:DB_ENTRY:INSERT INTO `users` VALUES ('208991000001031','1','55000000000000',NULL,'PURGED',50,40000000,100000000,47,0000000000,1,0xfec86ba6eb707ed08905757b1bb44b8f,0,0,0x40,'ebd07771ace8677a',0xc42449363bbad02b66d16bc975d77cc1);
INFO:__script___:DOCKER_ENTRY:    oai-nr-ue31:
        image: oaisoftwarealliance/oai-nr-ue:develop
        privileged: true
        container_name: rfsim5g-oai-nr-ue31
        environment:
            USE_ADDITIONAL_OPTIONS: -E --sa --rfsim -r 106 --numerology 1 --uicc0.imsi 208991000001031 -C 3619200000 --rfsimulator.serveraddr 192.168.71.140 --log_config.global_log_options level,nocolor,time
        depends_on:
            - oai-gnb
        networks:
            public_net:
                ipv4_address: 192.168.71.172
        volumes:
            - ../../conf_files/nrue.uicc.conf:/opt/oai-nr-ue/etc/nr-ue.conf
        healthcheck:
            test: /bin/bash -c "pgrep nr-uesoftmodem"
            interval: 10s
            timeout: 5s
            retries: 5

INFO:__script___:Creating the 32 UE
INFO:__script___:IMSI:208991000001032
INFO:__script___:DB_ENTRY:INSERT INTO `users` VALUES ('208991000001032','1','55000000000000',NULL,'PURGED',50,40000000,100000000,47,0000000000,1,0xfec86ba6eb707ed08905757b1bb44b8f,0,0,0x40,'ebd07771ace8677a',0xc42449363bbad02b66d16bc975d77cc1);
INFO:__script___:DOCKER_ENTRY:    oai-nr-ue32:
        image: oaisoftwarealliance/oai-nr-ue:develop
        privileged: true
        container_name: rfsim5g-oai-nr-ue32
        environment:
            USE_ADDITIONAL_OPTIONS: -E --sa --rfsim -r 106 --numerology 1 --uicc0.imsi 208991000001032 -C 3619200000 --rfsimulator.serveraddr 192.168.71.140 --log_config.global_log_options level,nocolor,time
        depends_on:
            - oai-gnb
        networks:
            public_net:
                ipv4_address: 192.168.71.173
        volumes:
            - ../../conf_files/nrue.uicc.conf:/opt/oai-nr-ue/etc/nr-ue.conf
        healthcheck:
            test: /bin/bash -c "pgrep nr-uesoftmodem"
            interval: 10s
            timeout: 5s
            retries: 5

INFO:__script___:Creating the 33 UE
INFO:__script___:IMSI:208991000001033
INFO:__script___:DB_ENTRY:INSERT INTO `users` VALUES ('208991000001033','1','55000000000000',NULL,'PURGED',50,40000000,100000000,47,0000000000,1,0xfec86ba6eb707ed08905757b1bb44b8f,0,0,0x40,'ebd07771ace8677a',0xc42449363bbad02b66d16bc975d77cc1);
INFO:__script___:DOCKER_ENTRY:    oai-nr-ue33:
        image: oaisoftwarealliance/oai-nr-ue:develop
        privileged: true
        container_name: rfsim5g-oai-nr-ue33
        environment:
            USE_ADDITIONAL_OPTIONS: -E --sa --rfsim -r 106 --numerology 1 --uicc0.imsi 208991000001033 -C 3619200000 --rfsimulator.serveraddr 192.168.71.140 --log_config.global_log_options level,nocolor,time
        depends_on:
            - oai-gnb
        networks:
            public_net:
                ipv4_address: 192.168.71.174
        volumes:
            - ../../conf_files/nrue.uicc.conf:/opt/oai-nr-ue/etc/nr-ue.conf
        healthcheck:
            test: /bin/bash -c "pgrep nr-uesoftmodem"
            interval: 10s
            timeout: 5s
            retries: 5

INFO:__script___:Creating the 34 UE
INFO:__script___:IMSI:208991000001034
INFO:__script___:DB_ENTRY:INSERT INTO `users` VALUES ('208991000001034','1','55000000000000',NULL,'PURGED',50,40000000,100000000,47,0000000000,1,0xfec86ba6eb707ed08905757b1bb44b8f,0,0,0x40,'ebd07771ace8677a',0xc42449363bbad02b66d16bc975d77cc1);
INFO:__script___:DOCKER_ENTRY:    oai-nr-ue34:
        image: oaisoftwarealliance/oai-nr-ue:develop
        privileged: true
        container_name: rfsim5g-oai-nr-ue34
        environment:
            USE_ADDITIONAL_OPTIONS: -E --sa --rfsim -r 106 --numerology 1 --uicc0.imsi 208991000001034 -C 3619200000 --rfsimulator.serveraddr 192.168.71.140 --log_config.global_log_options level,nocolor,time
        depends_on:
            - oai-gnb
        networks:
            public_net:
                ipv4_address: 192.168.71.175
        volumes:
            - ../../conf_files/nrue.uicc.conf:/opt/oai-nr-ue/etc/nr-ue.conf
        healthcheck:
            test: /bin/bash -c "pgrep nr-uesoftmodem"
            interval: 10s
            timeout: 5s
            retries: 5

INFO:__script___:Creating the 35 UE
INFO:__script___:IMSI:208991000001035
INFO:__script___:DB_ENTRY:INSERT INTO `users` VALUES ('208991000001035','1','55000000000000',NULL,'PURGED',50,40000000,100000000,47,0000000000,1,0xfec86ba6eb707ed08905757b1bb44b8f,0,0,0x40,'ebd07771ace8677a',0xc42449363bbad02b66d16bc975d77cc1);
INFO:__script___:DOCKER_ENTRY:    oai-nr-ue35:
        image: oaisoftwarealliance/oai-nr-ue:develop
        privileged: true
        container_name: rfsim5g-oai-nr-ue35
        environment:
            USE_ADDITIONAL_OPTIONS: -E --sa --rfsim -r 106 --numerology 1 --uicc0.imsi 208991000001035 -C 3619200000 --rfsimulator.serveraddr 192.168.71.140 --log_config.global_log_options level,nocolor,time
        depends_on:
            - oai-gnb
        networks:
            public_net:
                ipv4_address: 192.168.71.176
        volumes:
            - ../../conf_files/nrue.uicc.conf:/opt/oai-nr-ue/etc/nr-ue.conf
        healthcheck:
            test: /bin/bash -c "pgrep nr-uesoftmodem"
            interval: 10s
            timeout: 5s
            retries: 5

INFO:__script___:Creating the 36 UE
INFO:__script___:IMSI:208991000001036
INFO:__script___:DB_ENTRY:INSERT INTO `users` VALUES ('208991000001036','1','55000000000000',NULL,'PURGED',50,40000000,100000000,47,0000000000,1,0xfec86ba6eb707ed08905757b1bb44b8f,0,0,0x40,'ebd07771ace8677a',0xc42449363bbad02b66d16bc975d77cc1);
INFO:__script___:DOCKER_ENTRY:    oai-nr-ue36:
        image: oaisoftwarealliance/oai-nr-ue:develop
        privileged: true
        container_name: rfsim5g-oai-nr-ue36
        environment:
            USE_ADDITIONAL_OPTIONS: -E --sa --rfsim -r 106 --numerology 1 --uicc0.imsi 208991000001036 -C 3619200000 --rfsimulator.serveraddr 192.168.71.140 --log_config.global_log_options level,nocolor,time
        depends_on:
            - oai-gnb
        networks:
            public_net:
                ipv4_address: 192.168.71.177
        volumes:
            - ../../conf_files/nrue.uicc.conf:/opt/oai-nr-ue/etc/nr-ue.conf
        healthcheck:
            test: /bin/bash -c "pgrep nr-uesoftmodem"
            interval: 10s
            timeout: 5s
            retries: 5

INFO:__script___:Creating the 37 UE
INFO:__script___:IMSI:208991000001037
INFO:__script___:DB_ENTRY:INSERT INTO `users` VALUES ('208991000001037','1','55000000000000',NULL,'PURGED',50,40000000,100000000,47,0000000000,1,0xfec86ba6eb707ed08905757b1bb44b8f,0,0,0x40,'ebd07771ace8677a',0xc42449363bbad02b66d16bc975d77cc1);
INFO:__script___:DOCKER_ENTRY:    oai-nr-ue37:
        image: oaisoftwarealliance/oai-nr-ue:develop
        privileged: true
        container_name: rfsim5g-oai-nr-ue37
        environment:
            USE_ADDITIONAL_OPTIONS: -E --sa --rfsim -r 106 --numerology 1 --uicc0.imsi 208991000001037 -C 3619200000 --rfsimulator.serveraddr 192.168.71.140 --log_config.global_log_options level,nocolor,time
        depends_on:
            - oai-gnb
        networks:
            public_net:
                ipv4_address: 192.168.71.178
        volumes:
            - ../../conf_files/nrue.uicc.conf:/opt/oai-nr-ue/etc/nr-ue.conf
        healthcheck:
            test: /bin/bash -c "pgrep nr-uesoftmodem"
            interval: 10s
            timeout: 5s
            retries: 5

INFO:__script___:Creating the 38 UE
INFO:__script___:IMSI:208991000001038
INFO:__script___:DB_ENTRY:INSERT INTO `users` VALUES ('208991000001038','1','55000000000000',NULL,'PURGED',50,40000000,100000000,47,0000000000,1,0xfec86ba6eb707ed08905757b1bb44b8f,0,0,0x40,'ebd07771ace8677a',0xc42449363bbad02b66d16bc975d77cc1);
INFO:__script___:DOCKER_ENTRY:    oai-nr-ue38:
        image: oaisoftwarealliance/oai-nr-ue:develop
        privileged: true
        container_name: rfsim5g-oai-nr-ue38
        environment:
            USE_ADDITIONAL_OPTIONS: -E --sa --rfsim -r 106 --numerology 1 --uicc0.imsi 208991000001038 -C 3619200000 --rfsimulator.serveraddr 192.168.71.140 --log_config.global_log_options level,nocolor,time
        depends_on:
            - oai-gnb
        networks:
            public_net:
                ipv4_address: 192.168.71.179
        volumes:
            - ../../conf_files/nrue.uicc.conf:/opt/oai-nr-ue/etc/nr-ue.conf
        healthcheck:
            test: /bin/bash -c "pgrep nr-uesoftmodem"
            interval: 10s
            timeout: 5s
            retries: 5

INFO:__script___:Creating the 39 UE
INFO:__script___:IMSI:208991000001039
INFO:__script___:DB_ENTRY:INSERT INTO `users` VALUES ('208991000001039','1','55000000000000',NULL,'PURGED',50,40000000,100000000,47,0000000000,1,0xfec86ba6eb707ed08905757b1bb44b8f,0,0,0x40,'ebd07771ace8677a',0xc42449363bbad02b66d16bc975d77cc1);
INFO:__script___:DOCKER_ENTRY:    oai-nr-ue39:
        image: oaisoftwarealliance/oai-nr-ue:develop
        privileged: true
        container_name: rfsim5g-oai-nr-ue39
        environment:
            USE_ADDITIONAL_OPTIONS: -E --sa --rfsim -r 106 --numerology 1 --uicc0.imsi 208991000001039 -C 3619200000 --rfsimulator.serveraddr 192.168.71.140 --log_config.global_log_options level,nocolor,time
        depends_on:
            - oai-gnb
        networks:
            public_net:
                ipv4_address: 192.168.71.180
        volumes:
            - ../../conf_files/nrue.uicc.conf:/opt/oai-nr-ue/etc/nr-ue.conf
        healthcheck:
            test: /bin/bash -c "pgrep nr-uesoftmodem"
            interval: 10s
            timeout: 5s
            retries: 5

INFO:__script___:Creating the 40 UE
INFO:__script___:IMSI:208991000001040
INFO:__script___:DB_ENTRY:INSERT INTO `users` VALUES ('208991000001040','1','55000000000000',NULL,'PURGED',50,40000000,100000000,47,0000000000,1,0xfec86ba6eb707ed08905757b1bb44b8f,0,0,0x40,'ebd07771ace8677a',0xc42449363bbad02b66d16bc975d77cc1);
INFO:__script___:DOCKER_ENTRY:    oai-nr-ue40:
        image: oaisoftwarealliance/oai-nr-ue:develop
        privileged: true
        container_name: rfsim5g-oai-nr-ue40
        environment:
            USE_ADDITIONAL_OPTIONS: -E --sa --rfsim -r 106 --numerology 1 --uicc0.imsi 208991000001040 -C 3619200000 --rfsimulator.serveraddr 192.168.71.140 --log_config.global_log_options level,nocolor,time
        depends_on:
            - oai-gnb
        networks:
            public_net:
                ipv4_address: 192.168.71.181
        volumes:
            - ../../conf_files/nrue.uicc.conf:/opt/oai-nr-ue/etc/nr-ue.conf
        healthcheck:
            test: /bin/bash -c "pgrep nr-uesoftmodem"
            interval: 10s
            timeout: 5s
            retries: 5

INFO:__script___:Creating the 41 UE
INFO:__script___:IMSI:208991000001041
INFO:__script___:DB_ENTRY:INSERT INTO `users` VALUES ('208991000001041','1','55000000000000',NULL,'PURGED',50,40000000,100000000,47,0000000000,1,0xfec86ba6eb707ed08905757b1bb44b8f,0,0,0x40,'ebd07771ace8677a',0xc42449363bbad02b66d16bc975d77cc1);
INFO:__script___:DOCKER_ENTRY:    oai-nr-ue41:
        image: oaisoftwarealliance/oai-nr-ue:develop
        privileged: true
        container_name: rfsim5g-oai-nr-ue41
        environment:
            USE_ADDITIONAL_OPTIONS: -E --sa --rfsim -r 106 --numerology 1 --uicc0.imsi 208991000001041 -C 3619200000 --rfsimulator.serveraddr 192.168.71.140 --log_config.global_log_options level,nocolor,time
        depends_on:
            - oai-gnb
        networks:
            public_net:
                ipv4_address: 192.168.71.182
        volumes:
            - ../../conf_files/nrue.uicc.conf:/opt/oai-nr-ue/etc/nr-ue.conf
        healthcheck:
            test: /bin/bash -c "pgrep nr-uesoftmodem"
            interval: 10s
            timeout: 5s
            retries: 5

INFO:__script___:Creating the 42 UE
INFO:__script___:IMSI:208991000001042
INFO:__script___:DB_ENTRY:INSERT INTO `users` VALUES ('208991000001042','1','55000000000000',NULL,'PURGED',50,40000000,100000000,47,0000000000,1,0xfec86ba6eb707ed08905757b1bb44b8f,0,0,0x40,'ebd07771ace8677a',0xc42449363bbad02b66d16bc975d77cc1);
INFO:__script___:DOCKER_ENTRY:    oai-nr-ue42:
        image: oaisoftwarealliance/oai-nr-ue:develop
        privileged: true
        container_name: rfsim5g-oai-nr-ue42
        environment:
            USE_ADDITIONAL_OPTIONS: -E --sa --rfsim -r 106 --numerology 1 --uicc0.imsi 208991000001042 -C 3619200000 --rfsimulator.serveraddr 192.168.71.140 --log_config.global_log_options level,nocolor,time
        depends_on:
            - oai-gnb
        networks:
            public_net:
                ipv4_address: 192.168.71.183
        volumes:
            - ../../conf_files/nrue.uicc.conf:/opt/oai-nr-ue/etc/nr-ue.conf
        healthcheck:
            test: /bin/bash -c "pgrep nr-uesoftmodem"
            interval: 10s
            timeout: 5s
            retries: 5

INFO:__script___:Creating the 43 UE
INFO:__script___:IMSI:208991000001043
INFO:__script___:DB_ENTRY:INSERT INTO `users` VALUES ('208991000001043','1','55000000000000',NULL,'PURGED',50,40000000,100000000,47,0000000000,1,0xfec86ba6eb707ed08905757b1bb44b8f,0,0,0x40,'ebd07771ace8677a',0xc42449363bbad02b66d16bc975d77cc1);
INFO:__script___:DOCKER_ENTRY:    oai-nr-ue43:
        image: oaisoftwarealliance/oai-nr-ue:develop
        privileged: true
        container_name: rfsim5g-oai-nr-ue43
        environment:
            USE_ADDITIONAL_OPTIONS: -E --sa --rfsim -r 106 --numerology 1 --uicc0.imsi 208991000001043 -C 3619200000 --rfsimulator.serveraddr 192.168.71.140 --log_config.global_log_options level,nocolor,time
        depends_on:
            - oai-gnb
        networks:
            public_net:
                ipv4_address: 192.168.71.184
        volumes:
            - ../../conf_files/nrue.uicc.conf:/opt/oai-nr-ue/etc/nr-ue.conf
        healthcheck:
            test: /bin/bash -c "pgrep nr-uesoftmodem"
            interval: 10s
            timeout: 5s
            retries: 5

INFO:__script___:Creating the 44 UE
INFO:__script___:IMSI:208991000001044
INFO:__script___:DB_ENTRY:INSERT INTO `users` VALUES ('208991000001044','1','55000000000000',NULL,'PURGED',50,40000000,100000000,47,0000000000,1,0xfec86ba6eb707ed08905757b1bb44b8f,0,0,0x40,'ebd07771ace8677a',0xc42449363bbad02b66d16bc975d77cc1);
INFO:__script___:DOCKER_ENTRY:    oai-nr-ue44:
        image: oaisoftwarealliance/oai-nr-ue:develop
        privileged: true
        container_name: rfsim5g-oai-nr-ue44
        environment:
            USE_ADDITIONAL_OPTIONS: -E --sa --rfsim -r 106 --numerology 1 --uicc0.imsi 208991000001044 -C 3619200000 --rfsimulator.serveraddr 192.168.71.140 --log_config.global_log_options level,nocolor,time
        depends_on:
            - oai-gnb
        networks:
            public_net:
                ipv4_address: 192.168.71.185
        volumes:
            - ../../conf_files/nrue.uicc.conf:/opt/oai-nr-ue/etc/nr-ue.conf
        healthcheck:
            test: /bin/bash -c "pgrep nr-uesoftmodem"
            interval: 10s
            timeout: 5s
            retries: 5

INFO:__script___:Creating the 45 UE
INFO:__script___:IMSI:208991000001045
INFO:__script___:DB_ENTRY:INSERT INTO `users` VALUES ('208991000001045','1','55000000000000',NULL,'PURGED',50,40000000,100000000,47,0000000000,1,0xfec86ba6eb707ed08905757b1bb44b8f,0,0,0x40,'ebd07771ace8677a',0xc42449363bbad02b66d16bc975d77cc1);
INFO:__script___:DOCKER_ENTRY:    oai-nr-ue45:
        image: oaisoftwarealliance/oai-nr-ue:develop
        privileged: true
        container_name: rfsim5g-oai-nr-ue45
        environment:
            USE_ADDITIONAL_OPTIONS: -E --sa --rfsim -r 106 --numerology 1 --uicc0.imsi 208991000001045 -C 3619200000 --rfsimulator.serveraddr 192.168.71.140 --log_config.global_log_options level,nocolor,time
        depends_on:
            - oai-gnb
        networks:
            public_net:
                ipv4_address: 192.168.71.186
        volumes:
            - ../../conf_files/nrue.uicc.conf:/opt/oai-nr-ue/etc/nr-ue.conf
        healthcheck:
            test: /bin/bash -c "pgrep nr-uesoftmodem"
            interval: 10s
            timeout: 5s
            retries: 5

INFO:__script___:Creating the 46 UE
INFO:__script___:IMSI:208991000001046
INFO:__script___:DB_ENTRY:INSERT INTO `users` VALUES ('208991000001046','1','55000000000000',NULL,'PURGED',50,40000000,100000000,47,0000000000,1,0xfec86ba6eb707ed08905757b1bb44b8f,0,0,0x40,'ebd07771ace8677a',0xc42449363bbad02b66d16bc975d77cc1);
INFO:__script___:DOCKER_ENTRY:    oai-nr-ue46:
        image: oaisoftwarealliance/oai-nr-ue:develop
        privileged: true
        container_name: rfsim5g-oai-nr-ue46
        environment:
            USE_ADDITIONAL_OPTIONS: -E --sa --rfsim -r 106 --numerology 1 --uicc0.imsi 208991000001046 -C 3619200000 --rfsimulator.serveraddr 192.168.71.140 --log_config.global_log_options level,nocolor,time
        depends_on:
            - oai-gnb
        networks:
            public_net:
                ipv4_address: 192.168.71.187
        volumes:
            - ../../conf_files/nrue.uicc.conf:/opt/oai-nr-ue/etc/nr-ue.conf
        healthcheck:
            test: /bin/bash -c "pgrep nr-uesoftmodem"
            interval: 10s
            timeout: 5s
            retries: 5

INFO:__script___:Creating the 47 UE
INFO:__script___:IMSI:208991000001047
INFO:__script___:DB_ENTRY:INSERT INTO `users` VALUES ('208991000001047','1','55000000000000',NULL,'PURGED',50,40000000,100000000,47,0000000000,1,0xfec86ba6eb707ed08905757b1bb44b8f,0,0,0x40,'ebd07771ace8677a',0xc42449363bbad02b66d16bc975d77cc1);
INFO:__script___:DOCKER_ENTRY:    oai-nr-ue47:
        image: oaisoftwarealliance/oai-nr-ue:develop
        privileged: true
        container_name: rfsim5g-oai-nr-ue47
        environment:
            USE_ADDITIONAL_OPTIONS: -E --sa --rfsim -r 106 --numerology 1 --uicc0.imsi 208991000001047 -C 3619200000 --rfsimulator.serveraddr 192.168.71.140 --log_config.global_log_options level,nocolor,time
        depends_on:
            - oai-gnb
        networks:
            public_net:
                ipv4_address: 192.168.71.188
        volumes:
            - ../../conf_files/nrue.uicc.conf:/opt/oai-nr-ue/etc/nr-ue.conf
        healthcheck:
            test: /bin/bash -c "pgrep nr-uesoftmodem"
            interval: 10s
            timeout: 5s
            retries: 5

INFO:__script___:Creating the 48 UE
INFO:__script___:IMSI:208991000001048
INFO:__script___:DB_ENTRY:INSERT INTO `users` VALUES ('208991000001048','1','55000000000000',NULL,'PURGED',50,40000000,100000000,47,0000000000,1,0xfec86ba6eb707ed08905757b1bb44b8f,0,0,0x40,'ebd07771ace8677a',0xc42449363bbad02b66d16bc975d77cc1);
INFO:__script___:DOCKER_ENTRY:    oai-nr-ue48:
        image: oaisoftwarealliance/oai-nr-ue:develop
        privileged: true
        container_name: rfsim5g-oai-nr-ue48
        environment:
            USE_ADDITIONAL_OPTIONS: -E --sa --rfsim -r 106 --numerology 1 --uicc0.imsi 208991000001048 -C 3619200000 --rfsimulator.serveraddr 192.168.71.140 --log_config.global_log_options level,nocolor,time
        depends_on:
            - oai-gnb
        networks:
            public_net:
                ipv4_address: 192.168.71.189
        volumes:
            - ../../conf_files/nrue.uicc.conf:/opt/oai-nr-ue/etc/nr-ue.conf
        healthcheck:
            test: /bin/bash -c "pgrep nr-uesoftmodem"
            interval: 10s
            timeout: 5s
            retries: 5

INFO:__script___:Creating the 49 UE
INFO:__script___:IMSI:208991000001049
INFO:__script___:DB_ENTRY:INSERT INTO `users` VALUES ('208991000001049','1','55000000000000',NULL,'PURGED',50,40000000,100000000,47,0000000000,1,0xfec86ba6eb707ed08905757b1bb44b8f,0,0,0x40,'ebd07771ace8677a',0xc42449363bbad02b66d16bc975d77cc1);
INFO:__script___:DOCKER_ENTRY:    oai-nr-ue49:
        image: oaisoftwarealliance/oai-nr-ue:develop
        privileged: true
        container_name: rfsim5g-oai-nr-ue49
        environment:
            USE_ADDITIONAL_OPTIONS: -E --sa --rfsim -r 106 --numerology 1 --uicc0.imsi 208991000001049 -C 3619200000 --rfsimulator.serveraddr 192.168.71.140 --log_config.global_log_options level,nocolor,time
        depends_on:
            - oai-gnb
        networks:
            public_net:
                ipv4_address: 192.168.71.190
        volumes:
            - ../../conf_files/nrue.uicc.conf:/opt/oai-nr-ue/etc/nr-ue.conf
        healthcheck:
            test: /bin/bash -c "pgrep nr-uesoftmodem"
            interval: 10s
            timeout: 5s
            retries: 5

INFO:__script___:ENDED Configuration Files EDIT SCRIPT
